# JRE version: OpenJDK Runtime Environment (11.0.15) (build 11.0.15+0-b2043.56-9505619)
# Java VM: OpenJDK 64-Bit Server VM (11.0.15+0-b2043.56-9505619, mixed mode, tiered, compressed oops, g1 gc, windows-amd64)
Heap:
 garbage-first heap   total 309248K, used 196564K [0x0000000080000000, 0x0000000100000000)
  region size 1024K, 88 young (90112K), 4 survivors (4096K)
 Metaspace       used 45036K, capacity 46214K, committed 46384K, reserved 1089536K
  class space    used 5721K, capacity 6180K, committed 6272K, reserved 1048576K
GC Heap History (20 events):
Event: 38.403 GC heap before
{Heap before GC invocations=42 (full 0):
 garbage-first heap   total 189440K, used 149460K [0x0000000080000000, 0x0000000100000000)
  region size 1024K, 66 young (67584K), 2 survivors (2048K)
 Metaspace       used 44832K, capacity 45912K, committed 46000K, reserved 1089536K
  class space    used 5694K, capacity 6129K, committed 6144K, reserved 1048576K
}
Event: 38.406 GC heap after
{Heap after GC invocations=43 (full 0):
 garbage-first heap   total 189440K, used 83832K [0x0000000080000000, 0x0000000100000000)
  region size 1024K, 2 young (2048K), 2 survivors (2048K)
 Metaspace       used 44832K, capacity 45912K, committed 46000K, reserved 1089536K
  class space    used 5694K, capacity 6129K, committed 6144K, reserved 1048576K
}
Event: 38.688 GC heap before
{Heap before GC invocations=43 (full 0):
 garbage-first heap   total 189440K, used 150392K [0x0000000080000000, 0x0000000100000000)
  region size 1024K, 67 young (68608K), 2 survivors (2048K)
 Metaspace       used 44832K, capacity 45912K, committed 46000K, reserved 1089536K
  class space    used 5694K, capacity 6129K, committed 6144K, reserved 1048576K
}
Event: 38.690 GC heap after
{Heap after GC invocations=44 (full 0):
 garbage-first heap   total 189440K, used 83875K [0x0000000080000000, 0x0000000100000000)
  region size 1024K, 2 young (2048K), 2 survivors (2048K)
 Metaspace       used 44832K, capacity 45912K, committed 46000K, reserved 1089536K
  class space    used 5694K, capacity 6129K, committed 6144K, reserved 1048576K
}
Event: 38.899 GC heap before
{Heap before GC invocations=44 (full 0):
 garbage-first heap   total 189440K, used 152483K [0x0000000080000000, 0x0000000100000000)
  region size 1024K, 69 young (70656K), 2 survivors (2048K)
 Metaspace       used 44832K, capacity 45912K, committed 46000K, reserved 1089536K
  class space    used 5694K, capacity 6129K, committed 6144K, reserved 1048576K
}
Event: 38.904 GC heap after
{Heap after GC invocations=45 (full 0):
 garbage-first heap   total 189440K, used 84488K [0x0000000080000000, 0x0000000100000000)
  region size 1024K, 3 young (3072K), 3 survivors (3072K)
 Metaspace       used 44832K, capacity 45912K, committed 46000K, reserved 1089536K
  class space    used 5694K, capacity 6129K, committed 6144K, reserved 1048576K
}
Event: 39.116 GC heap before
{Heap before GC invocations=45 (full 0):
 garbage-first heap   total 189440K, used 154120K [0x0000000080000000, 0x0000000100000000)
  region size 1024K, 71 young (72704K), 3 survivors (3072K)
 Metaspace       used 44832K, capacity 45912K, committed 46000K, reserved 1089536K
  class space    used 5694K, capacity 6129K, committed 6144K, reserved 1048576K
}
Event: 39.124 GC heap after
{Heap after GC invocations=46 (full 0):
 garbage-first heap   total 257024K, used 85262K [0x0000000080000000, 0x0000000100000000)
  region size 1024K, 4 young (4096K), 4 survivors (4096K)
 Metaspace       used 44832K, capacity 45912K, committed 46000K, reserved 1089536K
  class space    used 5694K, capacity 6129K, committed 6144K, reserved 1048576K
}
Event: 39.482 GC heap before
{Heap before GC invocations=46 (full 0):
 garbage-first heap   total 257024K, used 180494K [0x0000000080000000, 0x0000000100000000)
  region size 1024K, 97 young (99328K), 4 survivors (4096K)
 Metaspace       used 44835K, capacity 45912K, committed 46000K, reserved 1089536K
  class space    used 5694K, capacity 6129K, committed 6144K, reserved 1048576K
}
Event: 39.488 GC heap after
{Heap after GC invocations=47 (full 0):
 garbage-first heap   total 257024K, used 85830K [0x0000000080000000, 0x0000000100000000)
  region size 1024K, 4 young (4096K), 4 survivors (4096K)
 Metaspace       used 44835K, capacity 45912K, committed 46000K, reserved 1089536K
  class space    used 5694K, capacity 6129K, committed 6144K, reserved 1048576K
}
Event: 39.908 GC heap before
{Heap before GC invocations=47 (full 0):
 garbage-first heap   total 257024K, used 211782K [0x0000000080000000, 0x0000000100000000)
  region size 1024K, 127 young (130048K), 4 survivors (4096K)
 Metaspace       used 44835K, capacity 45912K, committed 46000K, reserved 1089536K
  class space    used 5694K, capacity 6129K, committed 6144K, reserved 1048576K
}
Event: 39.915 GC heap after
{Heap after GC invocations=48 (full 0):
 garbage-first heap   total 257024K, used 86830K [0x0000000080000000, 0x0000000100000000)
  region size 1024K, 5 young (5120K), 5 survivors (5120K)
 Metaspace       used 44835K, capacity 45912K, committed 46000K, reserved 1089536K
  class space    used 5694K, capacity 6129K, committed 6144K, reserved 1048576K
}
Event: 40.308 GC heap before
{Heap before GC invocations=48 (full 0):
 garbage-first heap   total 257024K, used 212782K [0x0000000080000000, 0x0000000100000000)
  region size 1024K, 128 young (131072K), 5 survivors (5120K)
 Metaspace       used 44835K, capacity 45912K, committed 46000K, reserved 1089536K
  class space    used 5694K, capacity 6129K, committed 6144K, reserved 1048576K
}
Event: 40.319 GC heap after
{Heap after GC invocations=49 (full 0):
 garbage-first heap   total 257024K, used 87635K [0x0000000080000000, 0x0000000100000000)
  region size 1024K, 6 young (6144K), 6 survivors (6144K)
 Metaspace       used 44835K, capacity 45912K, committed 46000K, reserved 1089536K
  class space    used 5694K, capacity 6129K, committed 6144K, reserved 1048576K
}
Event: 40.734 GC heap before
{Heap before GC invocations=49 (full 0):
 garbage-first heap   total 257024K, used 213587K [0x0000000080000000, 0x0000000100000000)
  region size 1024K, 129 young (132096K), 6 survivors (6144K)
 Metaspace       used 44835K, capacity 45912K, committed 46000K, reserved 1089536K
  class space    used 5694K, capacity 6129K, committed 6144K, reserved 1048576K
}
Event: 40.742 GC heap after
{Heap after GC invocations=50 (full 0):
 garbage-first heap   total 309248K, used 89044K [0x0000000080000000, 0x0000000100000000)
  region size 1024K, 7 young (7168K), 7 survivors (7168K)
 Metaspace       used 44835K, capacity 45912K, committed 46000K, reserved 1089536K
  class space    used 5694K, capacity 6129K, committed 6144K, reserved 1048576K
}
Event: 41.233 GC heap before
{Heap before GC invocations=50 (full 0):
 garbage-first heap   total 309248K, used 235476K [0x0000000080000000, 0x0000000100000000)
  region size 1024K, 148 young (151552K), 7 survivors (7168K)
 Metaspace       used 44845K, capacity 45912K, committed 46000K, reserved 1089536K
  class space    used 5694K, capacity 6129K, committed 6144K, reserved 1048576K
}
Event: 41.241 GC heap after
{Heap after GC invocations=51 (full 0):
 garbage-first heap   total 309248K, used 85872K [0x0000000080000000, 0x0000000100000000)
  region size 1024K, 6 young (6144K), 6 survivors (6144K)
 Metaspace       used 44845K, capacity 45912K, committed 46000K, reserved 1089536K
  class space    used 5694K, capacity 6129K, committed 6144K, reserved 1048576K
}
Event: 43.827 GC heap before
{Heap before GC invocations=51 (full 0):
 garbage-first heap   total 309248K, used 262000K [0x0000000080000000, 0x0000000100000000)
  region size 1024K, 167 young (171008K), 6 survivors (6144K)
 Metaspace       used 45036K, capacity 46214K, committed 46384K, reserved 1089536K
  class space    used 5721K, capacity 6180K, committed 6272K, reserved 1048576K
}
Event: 43.832 GC heap after
{Heap after GC invocations=52 (full 0):
 garbage-first heap   total 309248K, used 91092K [0x0000000080000000, 0x0000000100000000)
  region size 1024K, 4 young (4096K), 4 survivors (4096K)
 Metaspace       used 45036K, capacity 46214K, committed 46384K, reserved 1089536K
  class space    used 5721K, capacity 6180K, committed 6272K, reserved 1048576K
}

